2025-07-19 19:46:29,317 - INFO - [31m[1mWARNING: This is a development server. Do not use it in a production deployment. Use a production WSGI server instead.[0m
 * Running on http://127.0.0.1:5000
2025-07-19 19:46:29,317 - INFO - [33mPress CTRL+C to quit[0m
2025-07-19 19:46:29,317 - INFO -  * Restarting with stat
2025-07-19 19:46:30,976 - WARNING -  * Debugger is active!
2025-07-19 19:46:30,982 - INFO -  * Debugger PIN: 768-609-869
2025-07-19 19:56:23,994 - INFO - [31m[1mWARNING: This is a development server. Do not use it in a production deployment. Use a production WSGI server instead.[0m
 * Running on http://127.0.0.1:5000
2025-07-19 19:56:23,994 - INFO - [33mPress CTRL+C to quit[0m
2025-07-19 19:56:24,143 - INFO -  * Restarting with watchdog (windowsapi)
2025-07-19 19:56:26,028 - WARNING -  * Debugger is active!
2025-07-19 19:56:26,035 - INFO -  * Debugger PIN: 132-014-723
2025-07-19 20:07:43,001 - INFO - [31m[1mWARNING: This is a development server. Do not use it in a production deployment. Use a production WSGI server instead.[0m
 * Running on http://127.0.0.1:5000
2025-07-19 20:07:43,004 - INFO - [33mPress CTRL+C to quit[0m
2025-07-19 20:07:43,082 - INFO -  * Restarting with watchdog (windowsapi)
2025-07-19 20:07:49,980 - WARNING -  * Debugger is active!
2025-07-19 20:07:50,004 - INFO -  * Debugger PIN: 132-014-723
2025-07-19 20:12:39,038 - INFO -  * Detected change in 'E:\\dijango\\venv\\Lib\\site-packages\\numpy\\_typing\\__init__.py', reloading
2025-07-19 20:12:39,079 - INFO -  * Detected change in 'E:\\dijango\\venv\\Lib\\site-packages\\numpy\\_utils\\__init__.py', reloading
2025-07-19 20:12:39,120 - INFO -  * Detected change in 'E:\\dijango\\venv\\Lib\\site-packages\\joblib\\memory.py', reloading
2025-07-19 20:12:39,150 - INFO -  * Detected change in 'E:\\dijango\\venv\\Lib\\site-packages\\joblib\\logger.py', reloading
2025-07-19 20:12:39,194 - INFO -  * Detected change in 'E:\\dijango\\venv\\Lib\\site-packages\\numpy\\typing\\__init__.py', reloading
2025-07-19 20:12:39,235 - INFO -  * Detected change in 'E:\\dijango\\venv\\Lib\\site-packages\\numpy\\_typing\\_array_like.py', reloading
2025-07-19 20:12:39,243 - INFO -  * Detected change in 'E:\\dijango\\venv\\Lib\\site-packages\\numpy\\_typing\\_nested_sequence.py', reloading
2025-07-19 20:12:40,302 - INFO -  * Restarting with watchdog (windowsapi)
2025-07-19 20:12:43,127 - WARNING -  * Debugger is active!
2025-07-19 20:12:43,134 - INFO -  * Debugger PIN: 132-014-723
